[2026-03-16 10:14:04] [INFO ] GDT Bridge Agent starting...
[2026-03-16 10:14:04] [INFO ] API endpoint : https://your-forms-api.example.com
[2026-03-16 10:14:04] [INFO ] Import folder: C:\MedicalOffice\GDT\import
[2026-03-16 10:14:04] [INFO ] Poll interval: 10000ms
[2026-03-16 10:14:04] [WARN ] Import folder does not exist — creating: C:\MedicalOffice\GDT\import
[2026-03-16 10:14:04] [WARN ] API_KEY is not set in .env — requests may be rejected by the server
[2026-03-16 10:14:04] [OK   ] Startup OK — polling started
[2026-03-16 10:38:01] [INFO ] GDT Bridge Agent starting...
[2026-03-16 10:38:01] [INFO ] API endpoint : https://your-forms-api.example.com
[2026-03-16 10:38:01] [INFO ] Import folder: C:\MedicalOffice\GDT\import
[2026-03-16 10:38:01] [INFO ] Poll interval: 10000ms
[2026-03-16 10:38:01] [WARN ] API_KEY is not set in .env — requests may be rejected by the server
[2026-03-16 10:38:01] [OK   ] Startup OK — polling started
[2026-03-16 10:38:01] [ERROR] Poll failed (attempt 1): getaddrinfo ENOTFOUND your-forms-api.example.com
[2026-03-16 10:38:11] [ERROR] Poll failed (attempt 2): getaddrinfo ENOTFOUND your-forms-api.example.com
[2026-03-16 10:38:21] [ERROR] Poll failed (attempt 3): getaddrinfo ENOTFOUND your-forms-api.example.com
[2026-03-16 10:38:21] [WARN ] 3 consecutive errors — check API connectivity
[2026-03-16 11:07:16] [INFO ] GDT Bridge Agent starting...
[2026-03-16 11:07:16] [INFO ] API endpoint : https://your-forms-api.example.com
[2026-03-16 11:07:16] [INFO ] Import folder: C:\MedicalOffice\GDT\import
[2026-03-16 11:07:16] [INFO ] Poll interval: 10000ms
[2026-03-16 11:07:16] [OK   ] Startup OK — polling started
[2026-03-16 11:07:16] [ERROR] Poll failed (attempt 1): getaddrinfo ENOTFOUND your-forms-api.example.com
[2026-03-16 11:07:26] [ERROR] Poll failed (attempt 2): getaddrinfo ENOTFOUND your-forms-api.example.com
[2026-03-16 11:07:36] [ERROR] Poll failed (attempt 3): getaddrinfo ENOTFOUND your-forms-api.example.com
[2026-03-16 11:07:36] [WARN ] 3 consecutive errors — check API connectivity
[2026-03-16 11:07:46] [ERROR] Poll failed (attempt 4): getaddrinfo ENOTFOUND your-forms-api.example.com
[2026-03-16 11:07:46] [WARN ] 4 consecutive errors — check API connectivity
[2026-03-16 11:07:56] [ERROR] Poll failed (attempt 5): getaddrinfo ENOTFOUND your-forms-api.example.com
[2026-03-16 11:07:56] [WARN ] 5 consecutive errors — check API connectivity
[2026-03-16 11:08:06] [ERROR] Poll failed (attempt 6): getaddrinfo ENOTFOUND your-forms-api.example.com
[2026-03-16 11:08:06] [WARN ] 6 consecutive errors — check API connectivity
[2026-03-16 11:08:16] [ERROR] Poll failed (attempt 7): getaddrinfo ENOTFOUND your-forms-api.example.com
[2026-03-16 11:08:16] [WARN ] 7 consecutive errors — check API connectivity
[2026-03-16 11:08:26] [INFO ] GDT Bridge Agent starting...
[2026-03-16 11:08:26] [INFO ] API endpoint : http://localhost:3000/api/gdt/pending
[2026-03-16 11:08:26] [INFO ] Import folder: C:\MedicalOffice\GDT\import
[2026-03-16 11:08:26] [INFO ] Poll interval: 10000ms
[2026-03-16 11:08:26] [OK   ] Startup OK — polling started
[2026-03-16 11:09:06] [ERROR] Poll failed (attempt 1): 
[2026-03-16 11:13:45] [INFO ] GDT Bridge Agent starting...
[2026-03-16 11:13:45] [INFO ] API endpoint : http://localhost:3000/api/gdt/pending
[2026-03-16 11:13:45] [INFO ] Import folder: /Users/mahran.elmasri/Desktop/gdt-files
[2026-03-16 11:13:45] [INFO ] Poll interval: 10000ms
[2026-03-16 11:13:45] [OK   ] Startup OK — polling started
[2026-03-16 11:24:36] [ERROR] Poll failed (attempt 1): 
[2026-03-16 11:24:46] [ERROR] Poll failed (attempt 2): 
[2026-03-16 11:28:11] [INFO ] GDT Bridge Agent starting...
[2026-03-16 11:28:11] [INFO ] API endpoint : http://localhost:3000/api/gdt/pending
[2026-03-16 11:28:11] [INFO ] Import folder: /Users/mahran.elmasri/Desktop/gdt-files
[2026-03-16 11:28:11] [INFO ] Poll interval: 10000ms
[2026-03-16 11:28:11] [OK   ] Startup OK — polling started
[2026-03-16 11:30:22] [INFO ] GDT Bridge Agent starting...
[2026-03-16 11:30:22] [INFO ] API endpoint : http://localhost:3000/api/gdt/pending
[2026-03-16 11:30:22] [INFO ] Import folder: /Users/mahran.elmasri/Desktop/gdt-files
[2026-03-16 11:30:22] [INFO ] Poll interval: 10000ms
[2026-03-16 11:30:22] [OK   ] Startup OK — polling started
[2026-03-16 11:45:29] [INFO ] GDT Bridge Agent starting...
[2026-03-16 11:45:29] [INFO ] API endpoint : http://localhost:3000
[2026-03-16 11:45:29] [INFO ] Import folder: /Users/mahran.elmasri/Desktop/gdt-files
[2026-03-16 11:45:29] [INFO ] Poll interval: 10000ms
[2026-03-16 11:45:29] [OK   ] Startup OK — polling started
[2026-03-16 11:47:27] [INFO ] GDT Bridge Agent starting...
[2026-03-16 11:47:27] [INFO ] API endpoint : http://localhost:3000
[2026-03-16 11:47:27] [INFO ] Import folder: /Users/mahran.elmasri/Desktop/gdt-files
[2026-03-16 11:47:27] [INFO ] Poll interval: 10000ms
[2026-03-16 11:47:27] [OK   ] Startup OK — polling started
[2026-03-16 11:48:15] [INFO ] GDT Bridge Agent starting...
[2026-03-16 11:48:15] [INFO ] API endpoint : http://localhost:3000
[2026-03-16 11:48:15] [INFO ] Import folder: /Users/mahran.elmasri/Desktop/gdt-files
[2026-03-16 11:48:15] [INFO ] Poll interval: 10000ms
[2026-03-16 11:48:15] [OK   ] Startup OK — polling started
[2026-03-16 11:57:10] [INFO ] GDT Bridge Agent starting...
[2026-03-16 11:57:10] [INFO ] API endpoint : http://localhost:3000
[2026-03-16 11:57:10] [INFO ] Import folder: /Users/mahran.elmasri/Desktop/gdt-files
[2026-03-16 11:57:10] [INFO ] Poll interval: 10000ms
[2026-03-16 11:57:10] [OK   ] Startup OK — polling started
[2026-03-16 11:57:10] [INFO ] Checking for pending GDT files...
[2026-03-16 11:57:10] [INFO ] No pending files
[2026-03-16 11:57:20] [INFO ] Checking for pending GDT files...
[2026-03-16 11:57:20] [INFO ] No pending files
[2026-03-16 11:57:30] [INFO ] Checking for pending GDT files...
[2026-03-16 11:57:30] [INFO ] No pending files
[2026-03-16 11:57:40] [INFO ] Checking for pending GDT files...
[2026-03-16 11:57:40] [INFO ] No pending files
[2026-03-16 11:57:50] [INFO ] Checking for pending GDT files...
[2026-03-16 11:57:50] [INFO ] No pending files
[2026-03-16 11:57:57] [INFO ] GDT Bridge Agent starting...
[2026-03-16 11:57:57] [INFO ] API endpoint : http://localhost:3000
[2026-03-16 11:57:57] [INFO ] Import folder: /Users/mahran.elmasri/Desktop/gdt-files
[2026-03-16 11:57:57] [INFO ] Poll interval: 10000ms
[2026-03-16 11:57:57] [OK   ] Startup OK — polling started
[2026-03-16 11:57:57] [INFO ] Checking for pending GDT files...
[2026-03-16 11:57:57] [INFO ] API response: [{"id":"gdt_0aab8880-0a1f-4c53-8014-5f00ec6a3edb","filename":"Elmasri_2026-03-19_DAT.gdt","content":"01380006310\r\n014921802.10\r\n0128402DAT\r\n017620016032026\r\n0156201125518\r\n0453000consent_data_1773662118491_7zjuq2p6l\r\n0153101Mahran\r\n0163100Elmasri\r\n017310319032026\r\n"}]
[2026-03-16 11:57:57] [INFO ] Found 1 pending GDT file(s)
[2026-03-16 11:57:57] [OK   ] Written: Elmasri_2026-03-19_DAT.gdt → /Users/mahran.elmasri/Desktop/gdt-files/Elmasri_2026-03-19_DAT.gdt
[2026-03-16 11:57:57] [INFO ] Marked delivered: gdt_0aab8880-0a1f-4c53-8014-5f00ec6a3edb
[2026-03-16 11:58:07] [INFO ] Checking for pending GDT files...
[2026-03-16 11:58:07] [INFO ] API response: []
[2026-03-16 11:58:07] [INFO ] No pending files
[2026-03-16 11:58:17] [INFO ] Checking for pending GDT files...
[2026-03-16 11:58:17] [INFO ] API response: []
[2026-03-16 11:58:17] [INFO ] No pending files
[2026-03-16 11:58:27] [INFO ] Checking for pending GDT files...
[2026-03-16 11:58:27] [INFO ] API response: []
[2026-03-16 11:58:27] [INFO ] No pending files
[2026-03-16 11:58:37] [INFO ] Checking for pending GDT files...
[2026-03-16 11:58:37] [INFO ] API response: []
[2026-03-16 11:58:37] [INFO ] No pending files
[2026-03-16 11:58:47] [INFO ] Checking for pending GDT files...
[2026-03-16 11:58:47] [INFO ] API response: []
[2026-03-16 11:58:47] [INFO ] No pending files
[2026-03-16 11:58:48] [INFO ] GDT Bridge Agent starting...
[2026-03-16 11:58:48] [INFO ] API endpoint : http://localhost:3000
[2026-03-16 11:58:48] [INFO ] Import folder: /Users/mahran.elmasri/Desktop/gdt-files
[2026-03-16 11:58:48] [INFO ] Poll interval: 10000ms
[2026-03-16 11:58:48] [OK   ] Startup OK — polling started
[2026-03-16 11:58:48] [INFO ] Checking for pending GDT files...
[2026-03-16 11:58:48] [INFO ] No pending files
[2026-03-16 11:58:58] [INFO ] Checking for pending GDT files...
[2026-03-16 11:58:58] [INFO ] No pending files
[2026-03-16 11:59:08] [INFO ] Checking for pending GDT files...
[2026-03-16 11:59:08] [INFO ] No pending files
[2026-03-16 11:59:18] [INFO ] Checking for pending GDT files...
[2026-03-16 11:59:18] [INFO ] No pending files
[2026-03-16 11:59:28] [INFO ] Checking for pending GDT files...
[2026-03-16 11:59:28] [INFO ] No pending files
[2026-03-16 11:59:38] [INFO ] Checking for pending GDT files...
[2026-03-16 11:59:38] [INFO ] No pending files
[2026-03-16 11:59:48] [INFO ] Checking for pending GDT files...
[2026-03-16 11:59:48] [INFO ] Found 1 pending GDT file(s)
[2026-03-16 11:59:48] [OK   ] Written: Alttsheh__ANM.gdt → /Users/mahran.elmasri/Desktop/gdt-files/Alttsheh__ANM.gdt
[2026-03-16 11:59:48] [INFO ] Marked delivered: gdt_47de705b-0bbe-4b78-9aca-bf660a754382
[2026-03-16 11:59:58] [INFO ] Checking for pending GDT files...
[2026-03-16 11:59:58] [INFO ] No pending files
[2026-03-16 12:00:08] [INFO ] Checking for pending GDT files...
[2026-03-16 12:00:08] [INFO ] No pending files
[2026-03-16 12:00:18] [INFO ] Checking for pending GDT files...
[2026-03-16 12:00:18] [INFO ] No pending files
[2026-03-16 12:00:28] [INFO ] Checking for pending GDT files...
[2026-03-16 12:00:28] [INFO ] No pending files
[2026-03-16 12:00:38] [INFO ] Checking for pending GDT files...
[2026-03-16 12:00:38] [INFO ] No pending files
[2026-03-16 12:00:48] [INFO ] Checking for pending GDT files...
[2026-03-16 12:00:48] [INFO ] No pending files
[2026-03-16 12:00:58] [INFO ] Checking for pending GDT files...
[2026-03-16 12:00:58] [INFO ] No pending files
[2026-03-16 12:01:08] [INFO ] Checking for pending GDT files...
[2026-03-16 12:01:08] [INFO ] No pending files
[2026-03-16 12:01:18] [INFO ] Checking for pending GDT files...
[2026-03-16 12:01:18] [INFO ] No pending files
[2026-03-16 12:01:28] [INFO ] Checking for pending GDT files...
[2026-03-16 12:01:28] [INFO ] No pending files
[2026-03-16 12:01:38] [INFO ] Checking for pending GDT files...
[2026-03-16 12:01:38] [INFO ] No pending files
[2026-03-16 12:01:48] [INFO ] Checking for pending GDT files...
[2026-03-16 12:01:48] [INFO ] No pending files
[2026-03-16 12:01:58] [INFO ] Checking for pending GDT files...
[2026-03-16 12:01:58] [INFO ] No pending files
[2026-03-16 12:02:08] [INFO ] Checking for pending GDT files...
[2026-03-16 12:02:08] [INFO ] No pending files
[2026-03-16 12:02:18] [INFO ] Checking for pending GDT files...
[2026-03-16 12:02:18] [INFO ] No pending files
[2026-03-16 12:02:28] [INFO ] Checking for pending GDT files...
[2026-03-16 12:02:28] [INFO ] No pending files
[2026-03-16 12:02:38] [INFO ] Checking for pending GDT files...
[2026-03-16 12:02:38] [INFO ] No pending files
[2026-03-16 12:02:48] [INFO ] Checking for pending GDT files...
[2026-03-16 12:02:48] [INFO ] No pending files
[2026-03-16 12:02:58] [INFO ] Checking for pending GDT files...
[2026-03-16 12:02:58] [INFO ] No pending files
[2026-03-16 12:03:08] [INFO ] Checking for pending GDT files...
[2026-03-16 12:03:08] [INFO ] No pending files
[2026-03-16 12:03:18] [INFO ] Checking for pending GDT files...
[2026-03-16 12:03:18] [INFO ] No pending files
[2026-03-16 12:03:28] [INFO ] Checking for pending GDT files...
[2026-03-16 12:03:28] [INFO ] No pending files
[2026-03-16 12:03:38] [INFO ] Checking for pending GDT files...
[2026-03-16 12:03:38] [INFO ] No pending files
[2026-03-16 12:03:48] [INFO ] Checking for pending GDT files...
[2026-03-16 12:03:48] [INFO ] No pending files
[2026-03-16 12:03:58] [INFO ] Checking for pending GDT files...
[2026-03-16 12:03:58] [INFO ] No pending files
[2026-03-16 12:04:08] [INFO ] Checking for pending GDT files...
[2026-03-16 12:04:08] [INFO ] No pending files
[2026-03-16 12:04:18] [INFO ] Checking for pending GDT files...
[2026-03-16 12:04:18] [INFO ] No pending files
[2026-03-16 12:04:28] [INFO ] Checking for pending GDT files...
[2026-03-16 12:04:28] [INFO ] No pending files
[2026-03-16 12:04:38] [INFO ] Checking for pending GDT files...
[2026-03-16 12:04:38] [INFO ] No pending files
[2026-03-16 12:04:48] [INFO ] Checking for pending GDT files...
[2026-03-16 12:04:48] [INFO ] No pending files
[2026-03-16 12:04:58] [INFO ] Checking for pending GDT files...
[2026-03-16 12:04:58] [INFO ] No pending files
[2026-03-16 12:05:08] [INFO ] Checking for pending GDT files...
[2026-03-16 12:05:08] [INFO ] No pending files
[2026-03-16 12:05:18] [INFO ] Checking for pending GDT files...
[2026-03-16 12:05:18] [INFO ] No pending files
[2026-03-16 12:05:28] [INFO ] Checking for pending GDT files...
[2026-03-16 12:05:28] [INFO ] No pending files
[2026-03-16 12:05:38] [INFO ] Checking for pending GDT files...
[2026-03-16 12:05:38] [INFO ] No pending files
[2026-03-16 12:05:48] [INFO ] Checking for pending GDT files...
[2026-03-16 12:05:48] [INFO ] No pending files
[2026-03-16 12:05:58] [INFO ] Checking for pending GDT files...
[2026-03-16 12:05:58] [INFO ] No pending files
[2026-03-16 12:06:08] [INFO ] Checking for pending GDT files...
[2026-03-16 12:06:08] [INFO ] No pending files
[2026-03-16 12:06:18] [INFO ] Checking for pending GDT files...
[2026-03-16 12:06:18] [INFO ] No pending files
[2026-03-16 12:06:28] [INFO ] Checking for pending GDT files...
[2026-03-16 12:06:28] [INFO ] No pending files
[2026-03-16 12:06:38] [INFO ] Checking for pending GDT files...
[2026-03-16 12:06:38] [INFO ] No pending files
[2026-03-16 12:06:48] [INFO ] Checking for pending GDT files...
[2026-03-16 12:06:48] [INFO ] No pending files
[2026-03-16 12:06:58] [INFO ] Checking for pending GDT files...
[2026-03-16 12:06:58] [INFO ] No pending files
[2026-03-16 12:07:08] [INFO ] Checking for pending GDT files...
[2026-03-16 12:07:08] [INFO ] No pending files
[2026-03-16 12:07:18] [INFO ] Checking for pending GDT files...
[2026-03-16 12:07:18] [INFO ] No pending files
[2026-03-16 12:07:28] [INFO ] Checking for pending GDT files...
[2026-03-16 12:07:28] [INFO ] No pending files
[2026-03-16 12:07:38] [INFO ] Checking for pending GDT files...
[2026-03-16 12:07:38] [INFO ] No pending files
[2026-03-16 12:07:48] [INFO ] Checking for pending GDT files...
[2026-03-16 12:07:48] [INFO ] No pending files
[2026-03-16 12:07:58] [INFO ] Checking for pending GDT files...
[2026-03-16 12:07:58] [INFO ] No pending files
[2026-03-16 12:08:08] [INFO ] Checking for pending GDT files...
[2026-03-16 12:08:08] [INFO ] No pending files
[2026-03-16 12:08:18] [INFO ] Checking for pending GDT files...
[2026-03-16 12:08:18] [INFO ] No pending files
[2026-03-16 12:08:28] [INFO ] Checking for pending GDT files...
[2026-03-16 12:08:28] [INFO ] No pending files
[2026-03-16 12:08:38] [INFO ] Checking for pending GDT files...
[2026-03-16 12:08:38] [INFO ] Found 1 pending GDT file(s)
[2026-03-16 12:08:38] [OK   ] Written: Elma__ANM.gdt → /Users/mahran.elmasri/Desktop/gdt-files/Elma__ANM.gdt
[2026-03-16 12:08:38] [INFO ] Marked delivered: gdt_5c6d592a-7638-4832-bdaa-67f6b3d8f5f1
[2026-03-16 12:08:48] [INFO ] Checking for pending GDT files...
[2026-03-16 12:08:48] [INFO ] No pending files
[2026-03-16 12:08:58] [INFO ] Checking for pending GDT files...
[2026-03-16 12:08:58] [INFO ] No pending files
[2026-03-16 12:09:08] [INFO ] Checking for pending GDT files...
[2026-03-16 12:09:08] [INFO ] No pending files
[2026-03-16 12:09:18] [INFO ] Checking for pending GDT files...
[2026-03-16 12:09:18] [INFO ] No pending files
[2026-03-16 12:09:28] [INFO ] Checking for pending GDT files...
[2026-03-16 12:09:28] [INFO ] No pending files
[2026-03-16 12:09:38] [INFO ] Checking for pending GDT files...
[2026-03-16 12:09:38] [INFO ] No pending files
[2026-03-16 12:09:48] [INFO ] Checking for pending GDT files...
[2026-03-16 12:09:48] [INFO ] No pending files
[2026-03-16 12:09:58] [INFO ] Checking for pending GDT files...
[2026-03-16 12:09:58] [INFO ] No pending files
[2026-03-16 12:10:08] [INFO ] Checking for pending GDT files...
[2026-03-16 12:10:08] [INFO ] No pending files
[2026-03-16 12:10:18] [INFO ] Checking for pending GDT files...
[2026-03-16 12:10:18] [INFO ] No pending files
[2026-03-16 12:10:28] [INFO ] Checking for pending GDT files...
[2026-03-16 12:10:28] [INFO ] No pending files
[2026-03-16 12:10:38] [INFO ] Checking for pending GDT files...
[2026-03-16 12:10:38] [INFO ] No pending files
[2026-03-16 12:10:48] [INFO ] Checking for pending GDT files...
[2026-03-16 12:10:48] [INFO ] No pending files
[2026-03-16 12:10:58] [INFO ] Checking for pending GDT files...
[2026-03-16 12:10:58] [INFO ] No pending files
[2026-03-16 12:11:08] [INFO ] Checking for pending GDT files...
[2026-03-16 12:11:08] [INFO ] No pending files
[2026-03-16 12:11:18] [INFO ] Checking for pending GDT files...
[2026-03-16 12:11:18] [INFO ] No pending files
[2026-03-16 12:11:28] [INFO ] Checking for pending GDT files...
[2026-03-16 12:11:28] [INFO ] No pending files
[2026-03-16 12:11:38] [INFO ] Checking for pending GDT files...
[2026-03-16 12:11:38] [INFO ] No pending files
[2026-03-16 12:11:48] [INFO ] Checking for pending GDT files...
[2026-03-16 12:11:48] [INFO ] No pending files
[2026-03-16 12:11:58] [INFO ] Checking for pending GDT files...
[2026-03-16 12:11:58] [INFO ] No pending files
[2026-03-16 12:12:08] [INFO ] Checking for pending GDT files...
[2026-03-16 12:12:08] [INFO ] No pending files
[2026-03-16 12:12:18] [INFO ] Checking for pending GDT files...
[2026-03-16 12:12:18] [INFO ] No pending files
[2026-03-16 12:12:28] [INFO ] Checking for pending GDT files...
[2026-03-16 12:12:28] [INFO ] No pending files
[2026-03-16 12:12:38] [INFO ] Checking for pending GDT files...
[2026-03-16 12:12:38] [INFO ] No pending files
[2026-03-16 12:12:48] [INFO ] Checking for pending GDT files...
[2026-03-16 12:12:48] [INFO ] No pending files
[2026-03-16 12:12:58] [INFO ] Checking for pending GDT files...
[2026-03-16 12:12:58] [INFO ] No pending files
[2026-03-16 12:13:08] [INFO ] Checking for pending GDT files...
[2026-03-16 12:13:08] [INFO ] No pending files
[2026-03-16 12:13:18] [INFO ] Checking for pending GDT files...
[2026-03-16 12:13:18] [INFO ] No pending files
[2026-03-16 12:13:28] [INFO ] Checking for pending GDT files...
[2026-03-16 12:13:28] [INFO ] No pending files
[2026-03-16 12:13:38] [INFO ] Checking for pending GDT files...
[2026-03-16 12:13:38] [INFO ] No pending files
[2026-03-16 12:13:48] [INFO ] Checking for pending GDT files...
[2026-03-16 12:13:48] [INFO ] No pending files
[2026-03-16 12:13:58] [INFO ] Checking for pending GDT files...
[2026-03-16 12:13:58] [INFO ] No pending files
[2026-03-16 12:14:08] [INFO ] Checking for pending GDT files...
[2026-03-16 12:14:08] [INFO ] No pending files
[2026-03-16 12:14:18] [INFO ] Checking for pending GDT files...
[2026-03-16 12:14:18] [INFO ] No pending files
[2026-03-16 12:14:28] [INFO ] Checking for pending GDT files...
[2026-03-16 12:14:28] [INFO ] No pending files
[2026-03-16 12:14:38] [INFO ] Checking for pending GDT files...
[2026-03-16 12:14:38] [INFO ] No pending files
[2026-03-16 12:14:48] [INFO ] Checking for pending GDT files...
[2026-03-16 12:14:48] [INFO ] No pending files
[2026-03-16 12:14:58] [INFO ] Checking for pending GDT files...
[2026-03-16 12:14:58] [INFO ] No pending files
[2026-03-16 12:15:08] [INFO ] Checking for pending GDT files...
[2026-03-16 12:15:08] [INFO ] No pending files
[2026-03-16 12:15:18] [INFO ] Checking for pending GDT files...
[2026-03-16 12:15:18] [INFO ] No pending files
[2026-03-16 12:15:28] [INFO ] Checking for pending GDT files...
[2026-03-16 12:15:28] [INFO ] No pending files
[2026-03-16 12:15:38] [INFO ] Checking for pending GDT files...
[2026-03-16 12:15:38] [INFO ] No pending files
[2026-03-16 12:15:48] [INFO ] Checking for pending GDT files...
[2026-03-16 12:15:48] [INFO ] No pending files
[2026-03-16 12:15:58] [INFO ] Checking for pending GDT files...
[2026-03-16 12:15:58] [INFO ] No pending files
[2026-03-16 12:16:08] [INFO ] Checking for pending GDT files...
[2026-03-16 12:16:08] [INFO ] No pending files
[2026-03-16 12:16:18] [INFO ] Checking for pending GDT files...
[2026-03-16 12:16:18] [INFO ] No pending files
[2026-03-16 12:16:28] [INFO ] Checking for pending GDT files...
[2026-03-16 12:16:28] [INFO ] No pending files
[2026-03-16 12:16:38] [INFO ] Checking for pending GDT files...
[2026-03-16 12:16:38] [INFO ] No pending files
[2026-03-16 12:16:48] [INFO ] Checking for pending GDT files...
[2026-03-16 12:16:48] [INFO ] No pending files
[2026-03-16 12:16:58] [INFO ] Checking for pending GDT files...
[2026-03-16 12:16:58] [INFO ] No pending files
[2026-03-16 12:17:08] [INFO ] Checking for pending GDT files...
[2026-03-16 12:17:08] [INFO ] No pending files
[2026-03-16 12:17:18] [INFO ] Checking for pending GDT files...
[2026-03-16 12:17:18] [INFO ] No pending files
[2026-03-16 12:17:28] [INFO ] Checking for pending GDT files...
[2026-03-16 12:17:28] [INFO ] No pending files
[2026-03-16 12:17:38] [INFO ] Checking for pending GDT files...
[2026-03-16 12:17:38] [INFO ] No pending files
[2026-03-16 12:17:48] [INFO ] Checking for pending GDT files...
[2026-03-16 12:17:48] [INFO ] No pending files
[2026-03-16 12:17:58] [INFO ] Checking for pending GDT files...
[2026-03-16 12:17:58] [INFO ] No pending files
[2026-03-16 12:18:08] [INFO ] Checking for pending GDT files...
[2026-03-16 12:18:08] [INFO ] No pending files
[2026-03-16 12:18:18] [INFO ] Checking for pending GDT files...
[2026-03-16 12:18:18] [INFO ] No pending files
[2026-03-16 12:18:28] [INFO ] Checking for pending GDT files...
[2026-03-16 12:18:28] [INFO ] No pending files
[2026-03-16 12:18:38] [INFO ] Checking for pending GDT files...
[2026-03-16 12:18:38] [INFO ] No pending files
[2026-03-16 12:18:48] [INFO ] Checking for pending GDT files...
[2026-03-16 12:18:48] [INFO ] No pending files
[2026-03-16 12:18:58] [INFO ] Checking for pending GDT files...
[2026-03-16 12:18:58] [INFO ] No pending files
[2026-03-16 12:19:08] [INFO ] Checking for pending GDT files...
[2026-03-16 12:19:08] [INFO ] No pending files
[2026-03-16 12:19:18] [INFO ] Checking for pending GDT files...
[2026-03-16 12:19:18] [INFO ] No pending files
[2026-03-16 12:28:46] [INFO ] Checking for pending GDT files...
[2026-03-16 12:28:46] [INFO ] No pending files
[2026-03-16 12:28:52] [INFO ] Checking for pending GDT files...
[2026-03-16 12:28:52] [INFO ] No pending files
[2026-03-16 12:29:02] [INFO ] Checking for pending GDT files...
[2026-03-16 12:29:02] [INFO ] No pending files
[2026-03-16 12:29:12] [INFO ] Checking for pending GDT files...
[2026-03-16 12:29:12] [INFO ] No pending files
[2026-03-16 12:29:22] [INFO ] Checking for pending GDT files...
[2026-03-16 12:29:22] [INFO ] No pending files
[2026-03-16 12:35:00] [INFO ] Checking for pending GDT files...
[2026-03-16 12:35:00] [INFO ] No pending files
[2026-03-16 12:35:10] [INFO ] Checking for pending GDT files...
[2026-03-16 12:35:10] [INFO ] No pending files
[2026-03-16 12:35:20] [INFO ] Checking for pending GDT files...
[2026-03-16 12:35:20] [INFO ] No pending files
[2026-03-16 12:35:30] [INFO ] Checking for pending GDT files...
[2026-03-16 12:35:30] [INFO ] No pending files
[2026-03-16 12:35:40] [INFO ] Checking for pending GDT files...
[2026-03-16 12:35:40] [INFO ] No pending files
[2026-03-16 12:35:50] [INFO ] Checking for pending GDT files...
[2026-03-16 12:35:50] [INFO ] No pending files
[2026-03-16 12:36:00] [INFO ] Checking for pending GDT files...
[2026-03-16 12:36:00] [INFO ] No pending files
[2026-03-16 12:36:10] [INFO ] Checking for pending GDT files...
[2026-03-16 12:36:10] [INFO ] No pending files
[2026-03-16 12:36:20] [INFO ] Checking for pending GDT files...
[2026-03-16 12:36:20] [INFO ] No pending files
[2026-03-16 12:36:30] [INFO ] Checking for pending GDT files...
[2026-03-16 12:36:30] [INFO ] No pending files
[2026-03-16 12:36:40] [INFO ] Checking for pending GDT files...
[2026-03-16 12:36:40] [INFO ] No pending files
[2026-03-16 12:36:50] [INFO ] Checking for pending GDT files...
[2026-03-16 12:36:50] [INFO ] No pending files
[2026-03-16 12:37:00] [INFO ] Checking for pending GDT files...
[2026-03-16 12:37:00] [INFO ] No pending files
[2026-03-16 12:37:10] [INFO ] Checking for pending GDT files...
[2026-03-16 12:37:10] [INFO ] No pending files
[2026-03-16 12:37:20] [INFO ] Checking for pending GDT files...
[2026-03-16 12:37:20] [INFO ] No pending files
[2026-03-16 12:37:30] [INFO ] Checking for pending GDT files...
[2026-03-16 12:37:30] [INFO ] No pending files
[2026-03-16 12:37:40] [INFO ] Checking for pending GDT files...
[2026-03-16 12:37:40] [INFO ] No pending files
[2026-03-16 12:37:50] [INFO ] Checking for pending GDT files...
[2026-03-16 12:37:50] [INFO ] No pending files
[2026-03-16 12:38:00] [INFO ] Checking for pending GDT files...
[2026-03-16 12:38:00] [INFO ] No pending files
[2026-03-16 12:38:10] [INFO ] Checking for pending GDT files...
[2026-03-16 12:38:10] [INFO ] No pending files
[2026-03-16 12:38:20] [INFO ] Checking for pending GDT files...
[2026-03-16 12:38:20] [INFO ] No pending files
[2026-03-16 12:38:30] [INFO ] Checking for pending GDT files...
[2026-03-16 12:38:30] [INFO ] No pending files
[2026-03-16 12:38:40] [INFO ] Checking for pending GDT files...
[2026-03-16 12:38:40] [INFO ] No pending files
[2026-03-16 12:38:50] [INFO ] Checking for pending GDT files...
[2026-03-16 12:38:50] [INFO ] No pending files
[2026-03-16 12:39:00] [INFO ] Checking for pending GDT files...
[2026-03-16 12:39:00] [INFO ] No pending files
[2026-03-16 12:39:10] [INFO ] Checking for pending GDT files...
[2026-03-16 12:39:10] [INFO ] No pending files
[2026-03-16 12:39:20] [INFO ] Checking for pending GDT files...
[2026-03-16 12:39:20] [INFO ] No pending files
[2026-03-16 12:39:30] [INFO ] Checking for pending GDT files...
[2026-03-16 12:39:30] [INFO ] No pending files
[2026-03-16 12:39:40] [INFO ] Checking for pending GDT files...
[2026-03-16 12:39:40] [INFO ] No pending files
[2026-03-16 12:39:50] [INFO ] Checking for pending GDT files...
[2026-03-16 12:39:50] [INFO ] No pending files
[2026-03-16 12:40:00] [INFO ] Checking for pending GDT files...
[2026-03-16 12:40:00] [INFO ] No pending files
[2026-03-16 12:40:10] [INFO ] Checking for pending GDT files...
[2026-03-16 12:40:10] [INFO ] No pending files
[2026-03-16 12:40:20] [INFO ] Checking for pending GDT files...
[2026-03-16 12:40:20] [INFO ] No pending files
[2026-03-16 12:40:30] [INFO ] Checking for pending GDT files...
[2026-03-16 12:40:30] [INFO ] No pending files
[2026-03-16 12:40:40] [INFO ] Checking for pending GDT files...
[2026-03-16 12:40:40] [INFO ] No pending files
[2026-03-16 12:40:50] [INFO ] Checking for pending GDT files...
[2026-03-16 12:40:50] [INFO ] No pending files
[2026-03-16 12:41:00] [INFO ] Checking for pending GDT files...
[2026-03-16 12:41:00] [INFO ] No pending files
[2026-03-16 12:41:10] [INFO ] Checking for pending GDT files...
[2026-03-16 12:41:10] [INFO ] No pending files
[2026-03-16 12:41:20] [INFO ] Checking for pending GDT files...
[2026-03-16 12:41:20] [INFO ] No pending files
[2026-03-16 12:41:30] [INFO ] Checking for pending GDT files...
[2026-03-16 12:41:30] [INFO ] No pending files
[2026-03-16 12:41:40] [INFO ] Checking for pending GDT files...
[2026-03-16 12:41:40] [INFO ] No pending files
[2026-03-16 12:41:50] [INFO ] Checking for pending GDT files...
[2026-03-16 12:41:50] [INFO ] No pending files
[2026-03-16 12:42:00] [INFO ] Checking for pending GDT files...
[2026-03-16 12:42:00] [INFO ] No pending files
[2026-03-16 12:42:10] [INFO ] Checking for pending GDT files...
[2026-03-16 12:42:10] [INFO ] No pending files
[2026-03-16 12:42:20] [INFO ] Checking for pending GDT files...
[2026-03-16 12:42:20] [INFO ] No pending files
[2026-03-16 12:42:30] [INFO ] Checking for pending GDT files...
[2026-03-16 12:42:30] [INFO ] No pending files
[2026-03-16 12:42:40] [INFO ] Checking for pending GDT files...
[2026-03-16 12:42:40] [INFO ] No pending files
[2026-03-16 12:42:50] [INFO ] Checking for pending GDT files...
[2026-03-16 12:42:50] [INFO ] No pending files
[2026-03-16 12:43:00] [INFO ] Checking for pending GDT files...
[2026-03-16 12:43:00] [INFO ] No pending files
[2026-03-16 12:43:10] [INFO ] Checking for pending GDT files...
[2026-03-16 12:43:10] [INFO ] No pending files
[2026-03-16 12:43:20] [INFO ] Checking for pending GDT files...
[2026-03-16 12:43:20] [INFO ] No pending files
[2026-03-16 12:43:30] [INFO ] Checking for pending GDT files...
[2026-03-16 12:43:30] [INFO ] No pending files
[2026-03-16 12:43:40] [INFO ] Checking for pending GDT files...
[2026-03-16 12:43:40] [INFO ] No pending files
[2026-03-16 12:43:50] [INFO ] Checking for pending GDT files...
[2026-03-16 12:43:50] [INFO ] No pending files
[2026-03-16 12:44:00] [INFO ] Checking for pending GDT files...
[2026-03-16 12:44:00] [INFO ] No pending files
[2026-03-16 12:44:10] [INFO ] Checking for pending GDT files...
[2026-03-16 12:44:10] [INFO ] No pending files
[2026-03-16 12:44:20] [INFO ] Checking for pending GDT files...
[2026-03-16 12:44:20] [INFO ] No pending files
[2026-03-16 12:44:30] [INFO ] Checking for pending GDT files...
[2026-03-16 12:44:30] [INFO ] No pending files
[2026-03-16 12:44:40] [INFO ] Checking for pending GDT files...
[2026-03-16 12:44:40] [INFO ] No pending files
[2026-03-16 12:44:50] [INFO ] Checking for pending GDT files...
[2026-03-16 12:44:50] [INFO ] No pending files
[2026-03-16 12:45:00] [INFO ] Checking for pending GDT files...
[2026-03-16 12:45:00] [INFO ] No pending files
[2026-03-16 12:45:10] [INFO ] Checking for pending GDT files...
[2026-03-16 12:45:10] [INFO ] No pending files
[2026-03-16 12:45:20] [INFO ] Checking for pending GDT files...
[2026-03-16 12:45:20] [INFO ] No pending files
[2026-03-16 12:45:30] [INFO ] Checking for pending GDT files...
[2026-03-16 12:45:30] [INFO ] No pending files
[2026-03-16 12:45:40] [INFO ] Checking for pending GDT files...
[2026-03-16 12:45:40] [INFO ] No pending files
[2026-03-16 12:45:50] [INFO ] Checking for pending GDT files...
[2026-03-16 12:45:50] [INFO ] No pending files
[2026-03-16 12:46:00] [INFO ] Checking for pending GDT files...
[2026-03-16 12:46:00] [INFO ] No pending files
[2026-03-16 12:46:10] [INFO ] Checking for pending GDT files...
[2026-03-16 12:46:10] [INFO ] No pending files
[2026-03-16 12:46:20] [INFO ] Checking for pending GDT files...
[2026-03-16 12:46:20] [INFO ] No pending files
[2026-03-16 12:46:30] [INFO ] Checking for pending GDT files...
[2026-03-16 12:46:30] [INFO ] No pending files
[2026-03-16 12:46:40] [INFO ] Checking for pending GDT files...
[2026-03-16 12:46:40] [INFO ] No pending files
[2026-03-16 12:46:50] [INFO ] Checking for pending GDT files...
[2026-03-16 12:46:50] [INFO ] No pending files
[2026-03-16 12:47:00] [INFO ] Checking for pending GDT files...
[2026-03-16 12:47:00] [INFO ] No pending files
[2026-03-16 12:47:10] [INFO ] Checking for pending GDT files...
[2026-03-16 12:47:10] [INFO ] No pending files
[2026-03-16 12:47:20] [INFO ] Checking for pending GDT files...
[2026-03-16 12:47:20] [INFO ] No pending files
[2026-03-16 12:47:30] [INFO ] Checking for pending GDT files...
[2026-03-16 12:47:30] [INFO ] No pending files
[2026-03-16 12:47:40] [INFO ] Checking for pending GDT files...
[2026-03-16 12:47:40] [INFO ] No pending files
[2026-03-16 12:47:50] [INFO ] Checking for pending GDT files...
[2026-03-16 12:47:50] [INFO ] No pending files
[2026-03-16 12:48:00] [INFO ] Checking for pending GDT files...
[2026-03-16 12:48:00] [INFO ] No pending files
[2026-03-16 12:48:10] [INFO ] Checking for pending GDT files...
[2026-03-16 12:48:10] [INFO ] No pending files
[2026-03-16 12:48:20] [INFO ] Checking for pending GDT files...
[2026-03-16 12:48:20] [INFO ] No pending files
[2026-03-16 12:48:30] [INFO ] Checking for pending GDT files...
[2026-03-16 12:48:30] [INFO ] No pending files
[2026-03-16 12:48:40] [INFO ] Checking for pending GDT files...
[2026-03-16 12:48:40] [INFO ] No pending files
[2026-03-16 12:48:50] [INFO ] Checking for pending GDT files...
[2026-03-16 12:48:51] [INFO ] No pending files
[2026-03-16 12:49:00] [INFO ] Checking for pending GDT files...
[2026-03-16 12:49:01] [INFO ] No pending files
[2026-03-16 12:49:10] [INFO ] Checking for pending GDT files...
[2026-03-16 12:49:11] [INFO ] No pending files
[2026-03-16 12:49:20] [INFO ] Checking for pending GDT files...
[2026-03-16 12:49:21] [INFO ] No pending files
[2026-03-16 12:49:30] [INFO ] Checking for pending GDT files...
[2026-03-16 12:49:31] [INFO ] No pending files
[2026-03-16 12:49:40] [INFO ] Checking for pending GDT files...
[2026-03-16 12:49:41] [INFO ] No pending files
[2026-03-16 12:49:50] [INFO ] Checking for pending GDT files...
[2026-03-16 12:49:51] [INFO ] No pending files
[2026-03-16 12:50:00] [INFO ] Checking for pending GDT files...
[2026-03-16 12:50:01] [INFO ] No pending files
[2026-03-16 12:50:10] [INFO ] Checking for pending GDT files...
[2026-03-16 12:50:11] [INFO ] No pending files
[2026-03-16 12:50:20] [INFO ] Checking for pending GDT files...
[2026-03-16 12:50:21] [INFO ] No pending files
[2026-03-16 12:50:30] [INFO ] Checking for pending GDT files...
[2026-03-16 12:50:31] [INFO ] No pending files
[2026-03-16 12:50:40] [INFO ] Checking for pending GDT files...
[2026-03-16 12:50:41] [INFO ] No pending files
[2026-03-16 12:50:50] [INFO ] Checking for pending GDT files...
[2026-03-16 12:50:51] [INFO ] No pending files
[2026-03-16 12:51:00] [INFO ] Checking for pending GDT files...
[2026-03-16 12:51:01] [INFO ] No pending files
[2026-03-16 12:51:10] [INFO ] Checking for pending GDT files...
[2026-03-16 12:51:11] [INFO ] No pending files
[2026-03-16 12:51:20] [INFO ] Checking for pending GDT files...
[2026-03-16 12:51:21] [INFO ] No pending files
[2026-03-16 12:51:30] [INFO ] Checking for pending GDT files...
[2026-03-16 12:51:31] [INFO ] No pending files
[2026-03-16 12:51:41] [INFO ] Checking for pending GDT files...
[2026-03-16 12:51:41] [INFO ] No pending files
[2026-03-16 12:51:51] [INFO ] Checking for pending GDT files...
[2026-03-16 12:51:51] [INFO ] No pending files
[2026-03-16 12:52:01] [INFO ] Checking for pending GDT files...
[2026-03-16 12:52:01] [INFO ] No pending files
[2026-03-16 12:52:11] [INFO ] Checking for pending GDT files...
[2026-03-16 12:52:11] [INFO ] No pending files
[2026-03-16 12:52:21] [INFO ] Checking for pending GDT files...
[2026-03-16 12:52:21] [INFO ] No pending files
[2026-03-16 12:52:31] [INFO ] Checking for pending GDT files...
[2026-03-16 12:52:31] [INFO ] No pending files
[2026-03-16 12:52:41] [INFO ] Checking for pending GDT files...
[2026-03-16 12:52:41] [INFO ] No pending files
[2026-03-16 12:52:51] [INFO ] Checking for pending GDT files...
[2026-03-16 12:52:51] [INFO ] No pending files
[2026-03-16 12:53:01] [INFO ] Checking for pending GDT files...
[2026-03-16 12:53:01] [INFO ] No pending files
[2026-03-16 12:53:11] [INFO ] Checking for pending GDT files...
[2026-03-16 12:53:11] [INFO ] No pending files
[2026-03-16 12:53:21] [INFO ] Checking for pending GDT files...
[2026-03-16 12:53:21] [INFO ] No pending files
[2026-03-16 12:53:31] [INFO ] Checking for pending GDT files...
[2026-03-16 12:53:31] [INFO ] No pending files
[2026-03-16 12:53:41] [INFO ] Checking for pending GDT files...
[2026-03-16 12:53:41] [INFO ] No pending files
[2026-03-16 12:53:51] [INFO ] Checking for pending GDT files...
[2026-03-16 12:53:51] [INFO ] No pending files
[2026-03-16 12:54:01] [INFO ] Checking for pending GDT files...
[2026-03-16 12:54:01] [INFO ] No pending files
[2026-03-16 12:54:11] [INFO ] Checking for pending GDT files...
[2026-03-16 12:54:11] [INFO ] No pending files
[2026-03-16 12:54:21] [INFO ] Checking for pending GDT files...
[2026-03-16 12:54:21] [INFO ] No pending files
[2026-03-16 12:54:31] [INFO ] Checking for pending GDT files...
[2026-03-16 12:54:31] [INFO ] No pending files
[2026-03-16 12:54:41] [INFO ] Checking for pending GDT files...
[2026-03-16 12:54:41] [INFO ] No pending files
[2026-03-16 12:54:51] [INFO ] Checking for pending GDT files...
[2026-03-16 12:54:51] [INFO ] No pending files
[2026-03-16 12:55:01] [INFO ] Checking for pending GDT files...
[2026-03-16 12:55:01] [INFO ] No pending files
[2026-03-16 12:55:11] [INFO ] Checking for pending GDT files...
[2026-03-16 12:55:11] [INFO ] No pending files
[2026-03-16 12:55:21] [INFO ] Checking for pending GDT files...
[2026-03-16 12:55:21] [INFO ] No pending files
[2026-03-16 12:55:31] [INFO ] Checking for pending GDT files...
[2026-03-16 12:55:31] [INFO ] No pending files
[2026-03-16 12:55:41] [INFO ] Checking for pending GDT files...
[2026-03-16 12:55:41] [INFO ] No pending files
[2026-03-16 12:55:51] [INFO ] Checking for pending GDT files...
[2026-03-16 12:55:51] [INFO ] No pending files
[2026-03-16 12:56:01] [INFO ] Checking for pending GDT files...
[2026-03-16 12:56:01] [INFO ] No pending files
[2026-03-16 12:56:11] [INFO ] Checking for pending GDT files...
[2026-03-16 12:56:11] [INFO ] No pending files
[2026-03-16 12:56:21] [INFO ] Checking for pending GDT files...
[2026-03-16 12:56:21] [INFO ] No pending files
[2026-03-16 12:56:31] [INFO ] Checking for pending GDT files...
[2026-03-16 12:56:31] [INFO ] No pending files
[2026-03-16 12:56:41] [INFO ] Checking for pending GDT files...
[2026-03-16 12:56:41] [INFO ] No pending files
[2026-03-16 12:56:51] [INFO ] Checking for pending GDT files...
[2026-03-16 12:56:51] [INFO ] No pending files
[2026-03-16 12:57:01] [INFO ] Checking for pending GDT files...
[2026-03-16 12:57:01] [INFO ] No pending files
[2026-03-16 12:57:11] [INFO ] Checking for pending GDT files...
[2026-03-16 12:57:11] [INFO ] No pending files
[2026-03-16 12:57:21] [INFO ] Checking for pending GDT files...
[2026-03-16 12:57:21] [INFO ] No pending files
[2026-03-16 12:57:31] [INFO ] Checking for pending GDT files...
[2026-03-16 12:57:31] [INFO ] No pending files
[2026-03-16 12:57:41] [INFO ] Checking for pending GDT files...
[2026-03-16 12:57:41] [INFO ] No pending files
[2026-03-16 12:57:51] [INFO ] Checking for pending GDT files...
[2026-03-16 12:57:51] [INFO ] No pending files
[2026-03-16 12:58:01] [INFO ] Checking for pending GDT files...
[2026-03-16 12:58:01] [INFO ] No pending files
[2026-03-16 12:58:11] [INFO ] Checking for pending GDT files...
[2026-03-16 12:58:11] [INFO ] No pending files
[2026-03-16 12:58:21] [INFO ] Checking for pending GDT files...
[2026-03-16 12:58:21] [INFO ] No pending files
[2026-03-16 12:58:31] [INFO ] Checking for pending GDT files...
[2026-03-16 12:58:31] [INFO ] No pending files
[2026-03-16 12:58:41] [INFO ] Checking for pending GDT files...
[2026-03-16 12:58:41] [INFO ] No pending files
[2026-03-16 12:58:51] [INFO ] Checking for pending GDT files...
[2026-03-16 12:58:51] [INFO ] No pending files
[2026-03-16 12:59:01] [INFO ] Checking for pending GDT files...
[2026-03-16 12:59:01] [INFO ] No pending files
[2026-03-16 12:59:11] [INFO ] Checking for pending GDT files...
[2026-03-16 12:59:11] [INFO ] No pending files
[2026-03-16 12:59:21] [INFO ] Checking for pending GDT files...
[2026-03-16 12:59:21] [INFO ] No pending files
[2026-03-16 12:59:31] [INFO ] Checking for pending GDT files...
[2026-03-16 12:59:31] [INFO ] No pending files
[2026-03-16 12:59:41] [INFO ] Checking for pending GDT files...
[2026-03-16 12:59:41] [INFO ] No pending files
[2026-03-16 12:59:51] [INFO ] Checking for pending GDT files...
[2026-03-16 12:59:51] [INFO ] No pending files
[2026-03-16 13:00:01] [INFO ] Checking for pending GDT files...
[2026-03-16 13:00:01] [INFO ] No pending files
[2026-03-16 13:00:11] [INFO ] Checking for pending GDT files...
[2026-03-16 13:00:11] [INFO ] No pending files
[2026-03-16 13:00:21] [INFO ] Checking for pending GDT files...
[2026-03-16 13:00:21] [INFO ] No pending files
[2026-03-16 13:00:31] [INFO ] Checking for pending GDT files...
[2026-03-16 13:00:31] [INFO ] No pending files
[2026-03-16 13:00:41] [INFO ] Checking for pending GDT files...
[2026-03-16 13:00:41] [INFO ] No pending files
[2026-03-16 13:00:51] [INFO ] Checking for pending GDT files...
[2026-03-16 13:00:51] [INFO ] No pending files
[2026-03-16 13:01:01] [INFO ] Checking for pending GDT files...
[2026-03-16 13:01:01] [INFO ] No pending files
[2026-03-16 13:01:11] [INFO ] Checking for pending GDT files...
[2026-03-16 13:01:11] [INFO ] No pending files
[2026-03-16 13:01:21] [INFO ] Checking for pending GDT files...
[2026-03-16 13:01:21] [INFO ] No pending files
[2026-03-16 13:01:31] [INFO ] Checking for pending GDT files...
[2026-03-16 13:01:31] [INFO ] No pending files
[2026-03-16 13:01:41] [INFO ] Checking for pending GDT files...
[2026-03-16 13:01:41] [INFO ] No pending files
[2026-03-16 13:01:51] [INFO ] Checking for pending GDT files...
[2026-03-16 13:01:51] [INFO ] No pending files
[2026-03-16 13:02:01] [INFO ] Checking for pending GDT files...
[2026-03-16 13:02:01] [INFO ] No pending files
[2026-03-16 13:02:11] [INFO ] Checking for pending GDT files...
[2026-03-16 13:02:11] [INFO ] No pending files
[2026-03-16 13:02:21] [INFO ] Checking for pending GDT files...
[2026-03-16 13:02:21] [INFO ] No pending files
[2026-03-16 13:02:31] [INFO ] Checking for pending GDT files...
[2026-03-16 13:02:31] [INFO ] No pending files
[2026-03-16 13:02:41] [INFO ] Checking for pending GDT files...
[2026-03-16 13:02:41] [INFO ] No pending files
[2026-03-16 13:02:51] [INFO ] Checking for pending GDT files...
[2026-03-16 13:02:51] [INFO ] No pending files
[2026-03-16 13:03:01] [INFO ] Checking for pending GDT files...
[2026-03-16 13:03:01] [INFO ] No pending files
[2026-03-16 13:03:11] [INFO ] Checking for pending GDT files...
[2026-03-16 13:03:11] [INFO ] No pending files
[2026-03-16 13:03:21] [INFO ] Checking for pending GDT files...
[2026-03-16 13:03:21] [INFO ] No pending files
[2026-03-16 13:03:31] [INFO ] Checking for pending GDT files...
[2026-03-16 13:03:31] [INFO ] No pending files
[2026-03-16 13:03:41] [INFO ] Checking for pending GDT files...
[2026-03-16 13:03:41] [INFO ] No pending files
[2026-03-16 13:03:51] [INFO ] Checking for pending GDT files...
[2026-03-16 13:03:51] [INFO ] No pending files
[2026-03-16 13:04:01] [INFO ] Checking for pending GDT files...
[2026-03-16 13:04:01] [INFO ] No pending files
[2026-03-16 13:04:11] [INFO ] Checking for pending GDT files...
[2026-03-16 13:04:11] [INFO ] No pending files
[2026-03-16 13:04:21] [INFO ] Checking for pending GDT files...
[2026-03-16 13:04:21] [INFO ] No pending files
[2026-03-16 13:04:31] [INFO ] Checking for pending GDT files...
[2026-03-16 13:04:31] [INFO ] No pending files
[2026-03-16 13:04:41] [INFO ] Checking for pending GDT files...
[2026-03-16 13:04:41] [INFO ] No pending files
[2026-03-16 13:04:51] [INFO ] Checking for pending GDT files...
[2026-03-16 13:04:51] [INFO ] No pending files
[2026-03-16 13:05:01] [INFO ] Checking for pending GDT files...
[2026-03-16 13:05:01] [INFO ] No pending files
[2026-03-16 13:05:11] [INFO ] Checking for pending GDT files...
[2026-03-16 13:05:11] [INFO ] No pending files
[2026-03-16 13:05:21] [INFO ] Checking for pending GDT files...
[2026-03-16 13:05:21] [INFO ] No pending files
[2026-03-16 13:05:31] [INFO ] Checking for pending GDT files...
[2026-03-16 13:05:31] [INFO ] No pending files
[2026-03-16 13:05:41] [INFO ] Checking for pending GDT files...
[2026-03-16 13:05:41] [INFO ] No pending files
[2026-03-16 13:05:51] [INFO ] Checking for pending GDT files...
[2026-03-16 13:05:51] [INFO ] No pending files
[2026-03-16 13:06:01] [INFO ] Checking for pending GDT files...
[2026-03-16 13:06:01] [INFO ] No pending files
[2026-03-16 13:06:11] [INFO ] Checking for pending GDT files...
[2026-03-16 13:06:11] [INFO ] No pending files
[2026-03-16 13:06:21] [INFO ] Checking for pending GDT files...
[2026-03-16 13:06:21] [INFO ] No pending files
[2026-03-16 13:06:31] [INFO ] Checking for pending GDT files...
[2026-03-16 13:06:31] [INFO ] No pending files
[2026-03-16 13:06:41] [INFO ] Checking for pending GDT files...
[2026-03-16 13:06:41] [INFO ] No pending files
[2026-03-16 13:06:51] [INFO ] Checking for pending GDT files...
[2026-03-16 13:06:51] [INFO ] No pending files
[2026-03-16 13:07:01] [INFO ] Checking for pending GDT files...
[2026-03-16 13:07:01] [INFO ] No pending files
[2026-03-16 13:07:11] [INFO ] Checking for pending GDT files...
[2026-03-16 13:07:11] [INFO ] No pending files
[2026-03-16 13:07:21] [INFO ] Checking for pending GDT files...
[2026-03-16 13:07:21] [INFO ] No pending files
[2026-03-16 13:07:31] [INFO ] Checking for pending GDT files...
[2026-03-16 13:07:31] [INFO ] No pending files
[2026-03-16 13:07:41] [INFO ] Checking for pending GDT files...
[2026-03-16 13:07:41] [INFO ] No pending files
[2026-03-16 13:07:51] [INFO ] Checking for pending GDT files...
[2026-03-16 13:07:51] [INFO ] No pending files
[2026-03-16 13:08:01] [INFO ] Checking for pending GDT files...
[2026-03-16 13:08:01] [INFO ] No pending files
[2026-03-16 13:08:11] [INFO ] Checking for pending GDT files...
[2026-03-16 13:08:11] [INFO ] No pending files
[2026-03-16 13:08:21] [INFO ] Checking for pending GDT files...
[2026-03-16 13:08:21] [INFO ] No pending files
[2026-03-16 13:08:31] [INFO ] Checking for pending GDT files...
[2026-03-16 13:08:31] [INFO ] No pending files
[2026-03-16 13:08:41] [INFO ] Checking for pending GDT files...
[2026-03-16 13:08:41] [INFO ] No pending files
[2026-03-16 13:08:51] [INFO ] Checking for pending GDT files...
[2026-03-16 13:08:51] [INFO ] No pending files
[2026-03-16 13:09:01] [INFO ] Checking for pending GDT files...
[2026-03-16 13:09:01] [INFO ] No pending files
[2026-03-16 13:09:11] [INFO ] Checking for pending GDT files...
[2026-03-16 13:09:11] [INFO ] No pending files
[2026-03-16 13:09:21] [INFO ] Checking for pending GDT files...
[2026-03-16 13:09:21] [INFO ] No pending files
[2026-03-16 13:09:31] [INFO ] Checking for pending GDT files...
[2026-03-16 13:09:31] [INFO ] No pending files
[2026-03-16 13:09:41] [INFO ] Checking for pending GDT files...
[2026-03-16 13:09:41] [INFO ] No pending files
[2026-03-16 13:09:51] [INFO ] Checking for pending GDT files...
[2026-03-16 13:09:51] [INFO ] No pending files
[2026-03-16 13:10:01] [INFO ] Checking for pending GDT files...
[2026-03-16 13:10:01] [INFO ] No pending files
[2026-03-16 13:10:11] [INFO ] Checking for pending GDT files...
[2026-03-16 13:10:11] [INFO ] No pending files
[2026-03-16 13:10:21] [INFO ] Checking for pending GDT files...
[2026-03-16 13:10:21] [INFO ] No pending files
[2026-03-16 13:10:31] [INFO ] Checking for pending GDT files...
[2026-03-16 13:10:31] [INFO ] No pending files
[2026-03-16 13:10:41] [INFO ] Checking for pending GDT files...
[2026-03-16 13:10:41] [INFO ] No pending files
[2026-03-16 13:10:51] [INFO ] Checking for pending GDT files...
[2026-03-16 13:10:51] [INFO ] No pending files
[2026-03-16 13:11:01] [INFO ] Checking for pending GDT files...
[2026-03-16 13:11:01] [INFO ] No pending files
[2026-03-16 13:11:11] [INFO ] Checking for pending GDT files...
[2026-03-16 13:11:11] [INFO ] No pending files
[2026-03-16 13:11:21] [INFO ] Checking for pending GDT files...
[2026-03-16 13:11:21] [INFO ] No pending files
[2026-03-16 13:11:31] [INFO ] Checking for pending GDT files...
[2026-03-16 13:11:31] [INFO ] No pending files
[2026-03-16 13:11:41] [INFO ] Checking for pending GDT files...
[2026-03-16 13:11:41] [INFO ] No pending files
[2026-03-16 13:11:51] [INFO ] Checking for pending GDT files...
[2026-03-16 13:11:51] [INFO ] No pending files
[2026-03-16 13:12:01] [INFO ] Checking for pending GDT files...
[2026-03-16 13:12:01] [INFO ] No pending files
[2026-03-16 13:12:11] [INFO ] Checking for pending GDT files...
[2026-03-16 13:12:11] [INFO ] No pending files
[2026-03-16 13:12:21] [INFO ] Checking for pending GDT files...
[2026-03-16 13:12:21] [INFO ] No pending files
[2026-03-16 13:12:31] [INFO ] Checking for pending GDT files...
[2026-03-16 13:12:31] [INFO ] No pending files
[2026-03-16 13:12:41] [INFO ] Checking for pending GDT files...
[2026-03-16 13:12:41] [INFO ] No pending files
[2026-03-16 13:12:51] [INFO ] Checking for pending GDT files...
[2026-03-16 13:12:51] [INFO ] No pending files
[2026-03-16 13:13:01] [INFO ] Checking for pending GDT files...
[2026-03-16 13:13:01] [INFO ] No pending files
[2026-03-16 13:13:11] [INFO ] Checking for pending GDT files...
[2026-03-16 13:13:11] [INFO ] No pending files
[2026-03-16 13:13:21] [INFO ] Checking for pending GDT files...
[2026-03-16 13:13:21] [INFO ] No pending files
[2026-03-16 13:13:31] [INFO ] Checking for pending GDT files...
[2026-03-16 13:13:31] [INFO ] No pending files
[2026-03-16 13:13:41] [INFO ] Checking for pending GDT files...
[2026-03-16 13:13:41] [INFO ] No pending files
[2026-03-16 13:13:51] [INFO ] Checking for pending GDT files...
[2026-03-16 13:13:51] [INFO ] No pending files
[2026-03-16 13:14:01] [INFO ] Checking for pending GDT files...
[2026-03-16 13:14:01] [INFO ] No pending files
[2026-03-16 13:14:11] [INFO ] Checking for pending GDT files...
[2026-03-16 13:14:11] [INFO ] No pending files
[2026-03-16 13:14:21] [INFO ] Checking for pending GDT files...
[2026-03-16 13:14:21] [INFO ] No pending files
[2026-03-16 13:14:31] [INFO ] Checking for pending GDT files...
[2026-03-16 13:14:31] [INFO ] No pending files
[2026-03-16 13:14:41] [INFO ] Checking for pending GDT files...
[2026-03-16 13:14:41] [INFO ] No pending files
[2026-03-16 13:14:51] [INFO ] Checking for pending GDT files...
[2026-03-16 13:14:51] [INFO ] No pending files
[2026-03-16 13:15:01] [INFO ] Checking for pending GDT files...
[2026-03-16 13:15:01] [INFO ] No pending files
[2026-03-16 13:15:11] [INFO ] Checking for pending GDT files...
[2026-03-16 13:15:11] [INFO ] No pending files
[2026-03-16 13:15:21] [INFO ] Checking for pending GDT files...
[2026-03-16 13:15:21] [INFO ] No pending files
[2026-03-16 13:15:31] [INFO ] Checking for pending GDT files...
[2026-03-16 13:15:31] [INFO ] No pending files
[2026-03-16 13:15:41] [INFO ] Checking for pending GDT files...
[2026-03-16 13:15:41] [INFO ] No pending files
[2026-03-16 13:15:51] [INFO ] Checking for pending GDT files...
[2026-03-16 13:15:51] [INFO ] No pending files
[2026-03-16 13:16:01] [INFO ] Checking for pending GDT files...
[2026-03-16 13:16:01] [INFO ] No pending files
[2026-03-16 13:16:11] [INFO ] Checking for pending GDT files...
[2026-03-16 13:16:11] [INFO ] No pending files
[2026-03-16 13:16:21] [INFO ] Checking for pending GDT files...
[2026-03-16 13:16:21] [INFO ] No pending files
[2026-03-16 13:16:31] [INFO ] Checking for pending GDT files...
[2026-03-16 13:16:31] [INFO ] No pending files
[2026-03-16 13:16:41] [INFO ] Checking for pending GDT files...
[2026-03-16 13:16:41] [INFO ] No pending files
[2026-03-16 13:16:51] [INFO ] Checking for pending GDT files...
[2026-03-16 13:16:51] [INFO ] No pending files
[2026-03-16 13:17:01] [INFO ] Checking for pending GDT files...
[2026-03-16 13:17:01] [INFO ] No pending files
